<?xml version="1.0" encoding="UTF-8"?>
<coverage generated="1727014847701" clover="3.2.0">
  <project timestamp="1727014847701" name="All files">
    <metrics statements="18" coveredstatements="14" conditionals="12" coveredconditionals="8" methods="2" coveredmethods="2" elements="32" coveredelements="24" complexity="0" loc="18" ncloc="18" packages="1" files="2" classes="2"/>
    <file name="example.js" path="/Users/robert.maksymow62/Desktop/_Learning/Tutorial_AndyOlsen_JS_Test-Driven_Development_for_JavaScript/Lesson03/TestCoverage/example.js">
      <metrics statements="12" coveredstatements="10" conditionals="8" coveredconditionals="6" methods="1" coveredmethods="1"/>
      <line num="1" count="1" type="stmt"/>
      <line num="5" count="6" type="stmt"/>
      <line num="6" count="6" type="cond" truecount="1" falsecount="1"/>
      <line num="7" count="0" type="stmt"/>
      <line num="10" count="6" type="cond" truecount="2" falsecount="0"/>
      <line num="11" count="2" type="stmt"/>
      <line num="12" count="4" type="cond" truecount="2" falsecount="0"/>
      <line num="13" count="2" type="stmt"/>
      <line num="14" count="2" type="cond" truecount="1" falsecount="1"/>
      <line num="15" count="2" type="stmt"/>
      <line num="17" count="0" type="stmt"/>
      <line num="20" count="1" type="stmt"/>
    </file>
    <file name="util.js" path="/Users/robert.maksymow62/Desktop/_Learning/Tutorial_AndyOlsen_JS_Test-Driven_Development_for_JavaScript/Lesson03/TestCoverage/util.js">
      <metrics statements="6" coveredstatements="4" conditionals="4" coveredconditionals="2" methods="1" coveredmethods="1"/>
      <line num="2" count="6" type="cond" truecount="1" falsecount="1"/>
      <line num="3" count="0" type="stmt"/>
      <line num="4" count="6" type="cond" truecount="1" falsecount="1"/>
      <line num="5" count="0" type="stmt"/>
      <line num="7" count="6" type="stmt"/>
      <line num="10" count="1" type="stmt"/>
    </file>
  </project>
</coverage>
